<?xml version="1.0" encoding="UTF-8"?>
<testng-results skipped="0" failed="2" ignored="0" total="2" passed="0">
  <reporter-output>
  </reporter-output>
  <suite name="Suite1" duration-ms="32804" started-at="2018-08-19T07:38:56Z" finished-at="2018-08-19T07:39:28Z">
    <groups>
    </groups>
    <test name="Example Test Case" duration-ms="32804" started-at="2018-08-19T07:38:56Z" finished-at="2018-08-19T07:39:28Z">
      <class name="featureSpecific.MainToExecuteActions">
        <test-method status="PASS" signature="killOldBrowser(org.testng.ITestContext)[pri:0, instance:featureSpecific.MainToExecuteActions@43a65cd8]" name="killOldBrowser" is-config="true" duration-ms="62" started-at="2018-08-19T13:08:56Z" finished-at="2018-08-19T13:08:56Z">
          <params>
            <param index="0">
              <value>
                <![CDATA[org.testng.TestRunner@6e432c80]]>
              </value>
            </param>
          </params>
          <reporter-output>
          </reporter-output>
        </test-method> <!-- killOldBrowser -->
        <test-method status="PASS" signature="getTestCount()[pri:0, instance:featureSpecific.MainToExecuteActions@43a65cd8]" name="getTestCount" is-config="true" duration-ms="0" started-at="2018-08-19T13:08:56Z" finished-at="2018-08-19T13:08:56Z">
          <reporter-output>
          </reporter-output>
        </test-method> <!-- getTestCount -->
        <test-method status="PASS" signature="beforeClass(org.testng.ITestContext, java.lang.String)[pri:0, instance:featureSpecific.MainToExecuteActions@43a65cd8]" name="beforeClass" is-config="true" duration-ms="12203" started-at="2018-08-19T13:08:57Z" finished-at="2018-08-19T13:09:10Z">
          <params>
            <param index="0">
              <value>
                <![CDATA[org.testng.TestRunner@6e432c80]]>
              </value>
            </param>
            <param index="1">
              <value>
                <![CDATA[Chrome]]>
              </value>
            </param>
          </params>
          <reporter-output>
          </reporter-output>
        </test-method> <!-- beforeClass -->
        <test-method status="FAIL" signature="TestCase(java.util.HashMap)[pri:0, instance:featureSpecific.MainToExecuteActions@43a65cd8]" name="TestCase" duration-ms="141" started-at="2018-08-19T13:09:10Z" data-provider="DataProvider" finished-at="2018-08-19T13:09:10Z">
          <params>
            <param index="0">
              <value>
                <![CDATA[{Action=Y, ScenarioName=A}]]>
              </value>
            </param>
          </params>
          <exception class="java.util.regex.PatternSyntaxException">
            <message>
              <![CDATA[Unclosed group near index 14
CreateElemant(]]>
            </message>
            <full-stacktrace>
              <![CDATA[java.util.regex.PatternSyntaxException: Unclosed group near index 14
CreateElemant(
	at java.util.regex.Pattern.error(Unknown Source)
	at java.util.regex.Pattern.accept(Unknown Source)
	at java.util.regex.Pattern.group0(Unknown Source)
	at java.util.regex.Pattern.sequence(Unknown Source)
	at java.util.regex.Pattern.expr(Unknown Source)
	at java.util.regex.Pattern.compile(Unknown Source)
	at java.util.regex.Pattern.<init>(Unknown Source)
	at java.util.regex.Pattern.compile(Unknown Source)
	at java.lang.String.replaceAll(Unknown Source)
	at baseclasses.ByElement.webElement(ByElement.java:22)
	at baseclasses.ByElement.SendKeysTo(ByElement.java:82)
	at featureSpecific.MethodFactory.methods(MethodFactory.java:25)
	at featureSpecific.MainToExecuteActions.TestCase(MainToExecuteActions.java:156)
	at sun.reflect.NativeMethodAccessorImpl.invoke0(Native Method)
	at sun.reflect.NativeMethodAccessorImpl.invoke(Unknown Source)
	at sun.reflect.DelegatingMethodAccessorImpl.invoke(Unknown Source)
	at java.lang.reflect.Method.invoke(Unknown Source)
	at org.testng.internal.MethodInvocationHelper.invokeMethod(MethodInvocationHelper.java:108)
	at org.testng.internal.Invoker.invokeMethod(Invoker.java:661)
	at org.testng.internal.Invoker.invokeTestMethod(Invoker.java:869)
	at org.testng.internal.Invoker.invokeTestMethods(Invoker.java:1193)
	at org.testng.internal.TestMethodWorker.invokeTestMethods(TestMethodWorker.java:126)
	at org.testng.internal.TestMethodWorker.run(TestMethodWorker.java:109)
	at org.testng.TestRunner.privateRun(TestRunner.java:744)
	at org.testng.TestRunner.run(TestRunner.java:602)
	at org.testng.SuiteRunner.runTest(SuiteRunner.java:380)
	at org.testng.SuiteRunner.runSequentially(SuiteRunner.java:375)
	at org.testng.SuiteRunner.privateRun(SuiteRunner.java:340)
	at org.testng.SuiteRunner.run(SuiteRunner.java:289)
	at org.testng.SuiteRunnerWorker.runSuite(SuiteRunnerWorker.java:52)
	at org.testng.SuiteRunnerWorker.run(SuiteRunnerWorker.java:86)
	at org.testng.TestNG.runSuitesSequentially(TestNG.java:1301)
	at org.testng.TestNG.runSuitesLocally(TestNG.java:1226)
	at org.testng.TestNG.runSuites(TestNG.java:1144)
	at org.testng.TestNG.run(TestNG.java:1115)
	at org.testng.remote.AbstractRemoteTestNG.run(AbstractRemoteTestNG.java:114)
	at org.testng.remote.RemoteTestNG.initAndRun(RemoteTestNG.java:251)
	at org.testng.remote.RemoteTestNG.main(RemoteTestNG.java:77)
]]>
            </full-stacktrace>
          </exception> <!-- java.util.regex.PatternSyntaxException -->
          <reporter-output>
          </reporter-output>
        </test-method> <!-- TestCase -->
        <test-method status="PASS" signature="takeScreenShotOnFailure(org.testng.ITestResult, org.testng.ITestContext)[pri:0, instance:featureSpecific.MainToExecuteActions@43a65cd8]" name="takeScreenShotOnFailure" is-config="true" duration-ms="3800" started-at="2018-08-19T13:09:10Z" finished-at="2018-08-19T13:09:14Z">
          <params>
            <param index="0">
              <value>
                <![CDATA[[TestResult name=TestCase status=FAILURE method=MainToExecuteActions.TestCase(java.util.HashMap)[pri:0, instance:featureSpecific.MainToExecuteActions@43a65cd8] output={null}]]]>
              </value>
            </param>
            <param index="1">
              <value>
                <![CDATA[org.testng.TestRunner@6e432c80]]>
              </value>
            </param>
          </params>
          <reporter-output>
          </reporter-output>
        </test-method> <!-- takeScreenShotOnFailure -->
        <test-method status="PASS" signature="beforeClass(org.testng.ITestContext, java.lang.String)[pri:0, instance:featureSpecific.MainToExecuteActions@43a65cd8]" name="beforeClass" is-config="true" duration-ms="11371" started-at="2018-08-19T13:09:14Z" finished-at="2018-08-19T13:09:25Z">
          <params>
            <param index="0">
              <value>
                <![CDATA[org.testng.TestRunner@6e432c80]]>
              </value>
            </param>
            <param index="1">
              <value>
                <![CDATA[Chrome]]>
              </value>
            </param>
          </params>
          <reporter-output>
          </reporter-output>
        </test-method> <!-- beforeClass -->
        <test-method status="FAIL" signature="TestCase(java.util.HashMap)[pri:0, instance:featureSpecific.MainToExecuteActions@43a65cd8]" name="TestCase" duration-ms="96" started-at="2018-08-19T13:09:25Z" data-provider="DataProvider" finished-at="2018-08-19T13:09:25Z">
          <params>
            <param index="0">
              <value>
                <![CDATA[{Action=Y, ScenarioName=B}]]>
              </value>
            </param>
          </params>
          <exception class="java.util.regex.PatternSyntaxException">
            <message>
              <![CDATA[Unclosed group near index 14
CreateElemant(]]>
            </message>
            <full-stacktrace>
              <![CDATA[java.util.regex.PatternSyntaxException: Unclosed group near index 14
CreateElemant(
	at java.util.regex.Pattern.error(Unknown Source)
	at java.util.regex.Pattern.accept(Unknown Source)
	at java.util.regex.Pattern.group0(Unknown Source)
	at java.util.regex.Pattern.sequence(Unknown Source)
	at java.util.regex.Pattern.expr(Unknown Source)
	at java.util.regex.Pattern.compile(Unknown Source)
	at java.util.regex.Pattern.<init>(Unknown Source)
	at java.util.regex.Pattern.compile(Unknown Source)
	at java.lang.String.replaceAll(Unknown Source)
	at baseclasses.ByElement.webElement(ByElement.java:22)
	at baseclasses.ByElement.SendKeysTo(ByElement.java:82)
	at featureSpecific.MethodFactory.methods(MethodFactory.java:25)
	at featureSpecific.MainToExecuteActions.TestCase(MainToExecuteActions.java:156)
	at sun.reflect.NativeMethodAccessorImpl.invoke0(Native Method)
	at sun.reflect.NativeMethodAccessorImpl.invoke(Unknown Source)
	at sun.reflect.DelegatingMethodAccessorImpl.invoke(Unknown Source)
	at java.lang.reflect.Method.invoke(Unknown Source)
	at org.testng.internal.MethodInvocationHelper.invokeMethod(MethodInvocationHelper.java:108)
	at org.testng.internal.Invoker.invokeMethod(Invoker.java:661)
	at org.testng.internal.Invoker.invokeTestMethod(Invoker.java:869)
	at org.testng.internal.Invoker.invokeTestMethods(Invoker.java:1193)
	at org.testng.internal.TestMethodWorker.invokeTestMethods(TestMethodWorker.java:126)
	at org.testng.internal.TestMethodWorker.run(TestMethodWorker.java:109)
	at org.testng.TestRunner.privateRun(TestRunner.java:744)
	at org.testng.TestRunner.run(TestRunner.java:602)
	at org.testng.SuiteRunner.runTest(SuiteRunner.java:380)
	at org.testng.SuiteRunner.runSequentially(SuiteRunner.java:375)
	at org.testng.SuiteRunner.privateRun(SuiteRunner.java:340)
	at org.testng.SuiteRunner.run(SuiteRunner.java:289)
	at org.testng.SuiteRunnerWorker.runSuite(SuiteRunnerWorker.java:52)
	at org.testng.SuiteRunnerWorker.run(SuiteRunnerWorker.java:86)
	at org.testng.TestNG.runSuitesSequentially(TestNG.java:1301)
	at org.testng.TestNG.runSuitesLocally(TestNG.java:1226)
	at org.testng.TestNG.runSuites(TestNG.java:1144)
	at org.testng.TestNG.run(TestNG.java:1115)
	at org.testng.remote.AbstractRemoteTestNG.run(AbstractRemoteTestNG.java:114)
	at org.testng.remote.RemoteTestNG.initAndRun(RemoteTestNG.java:251)
	at org.testng.remote.RemoteTestNG.main(RemoteTestNG.java:77)
]]>
            </full-stacktrace>
          </exception> <!-- java.util.regex.PatternSyntaxException -->
          <reporter-output>
          </reporter-output>
        </test-method> <!-- TestCase -->
        <test-method status="PASS" signature="takeScreenShotOnFailure(org.testng.ITestResult, org.testng.ITestContext)[pri:0, instance:featureSpecific.MainToExecuteActions@43a65cd8]" name="takeScreenShotOnFailure" is-config="true" duration-ms="3402" started-at="2018-08-19T13:09:25Z" finished-at="2018-08-19T13:09:28Z">
          <params>
            <param index="0">
              <value>
                <![CDATA[[TestResult name=TestCase status=FAILURE method=MainToExecuteActions.TestCase(java.util.HashMap)[pri:0, instance:featureSpecific.MainToExecuteActions@43a65cd8] output={null}]]]>
              </value>
            </param>
            <param index="1">
              <value>
                <![CDATA[org.testng.TestRunner@6e432c80]]>
              </value>
            </param>
          </params>
          <reporter-output>
          </reporter-output>
        </test-method> <!-- takeScreenShotOnFailure -->
        <test-method status="PASS" signature="AfterSuit(org.testng.ITestContext)[pri:0, instance:featureSpecific.MainToExecuteActions@43a65cd8]" name="AfterSuit" is-config="true" duration-ms="0" started-at="2018-08-19T13:09:30Z" finished-at="2018-08-19T13:09:30Z">
          <params>
            <param index="0">
              <value>
                <![CDATA[org.testng.TestRunner@6e432c80]]>
              </value>
            </param>
          </params>
          <reporter-output>
          </reporter-output>
        </test-method> <!-- AfterSuit -->
      </class> <!-- featureSpecific.MainToExecuteActions -->
    </test> <!-- Example Test Case -->
  </suite> <!-- Suite1 -->
</testng-results>
