<?xml version="1.0" encoding="UTF-8"?>
<!-- Generated by org.testng.reporters.JUnitReportReporter -->
<testsuite skipped="0" hostname="Ankit-PC" name="featureSpecific.MainToExecuteActions" tests="2" failures="0" timestamp="19 Aug 2018 07:39:30 GMT" time="31.013" errors="2">
  <testcase name="TestCase" time="15.746" classname="featureSpecific.MainToExecuteActions">
    <error type="java.util.regex.PatternSyntaxException" message="Unclosed group near index 14
CreateElemant(">
      <![CDATA[java.util.regex.PatternSyntaxException: Unclosed group near index 14
CreateElemant(
	at java.util.regex.Pattern.error(Unknown Source)
	at java.util.regex.Pattern.accept(Unknown Source)
	at java.util.regex.Pattern.group0(Unknown Source)
	at java.util.regex.Pattern.sequence(Unknown Source)
	at java.util.regex.Pattern.expr(Unknown Source)
	at java.util.regex.Pattern.compile(Unknown Source)
	at java.util.regex.Pattern.<init>(Unknown Source)
	at java.util.regex.Pattern.compile(Unknown Source)
	at java.lang.String.replaceAll(Unknown Source)
	at baseclasses.ByElement.webElement(ByElement.java:22)
	at baseclasses.ByElement.SendKeysTo(ByElement.java:82)
	at featureSpecific.MethodFactory.methods(MethodFactory.java:25)
	at featureSpecific.MainToExecuteActions.TestCase(MainToExecuteActions.java:156)
	at sun.reflect.NativeMethodAccessorImpl.invoke0(Native Method)
	at sun.reflect.NativeMethodAccessorImpl.invoke(Unknown Source)
	at sun.reflect.DelegatingMethodAccessorImpl.invoke(Unknown Source)
	at java.lang.reflect.Method.invoke(Unknown Source)
	at org.testng.internal.MethodInvocationHelper.invokeMethod(MethodInvocationHelper.java:108)
	at org.testng.internal.Invoker.invokeMethod(Invoker.java:661)
	at org.testng.internal.Invoker.invokeTestMethod(Invoker.java:869)
	at org.testng.internal.Invoker.invokeTestMethods(Invoker.java:1193)
	at org.testng.internal.TestMethodWorker.invokeTestMethods(TestMethodWorker.java:126)
	at org.testng.internal.TestMethodWorker.run(TestMethodWorker.java:109)
	at org.testng.TestRunner.privateRun(TestRunner.java:744)
	at org.testng.TestRunner.run(TestRunner.java:602)
	at org.testng.SuiteRunner.runTest(SuiteRunner.java:380)
	at org.testng.SuiteRunner.runSequentially(SuiteRunner.java:375)
	at org.testng.SuiteRunner.privateRun(SuiteRunner.java:340)
	at org.testng.SuiteRunner.run(SuiteRunner.java:289)
	at org.testng.SuiteRunnerWorker.runSuite(SuiteRunnerWorker.java:52)
	at org.testng.SuiteRunnerWorker.run(SuiteRunnerWorker.java:86)
	at org.testng.TestNG.runSuitesSequentially(TestNG.java:1301)
	at org.testng.TestNG.runSuitesLocally(TestNG.java:1226)
	at org.testng.TestNG.runSuites(TestNG.java:1144)
	at org.testng.TestNG.run(TestNG.java:1115)
	at org.testng.remote.AbstractRemoteTestNG.run(AbstractRemoteTestNG.java:114)
	at org.testng.remote.RemoteTestNG.initAndRun(RemoteTestNG.java:251)
	at org.testng.remote.RemoteTestNG.main(RemoteTestNG.java:77)
]]>
    </error>
  </testcase> <!-- TestCase -->
  <testcase name="TestCase" time="15.267" classname="featureSpecific.MainToExecuteActions">
    <error type="java.util.regex.PatternSyntaxException" message="Unclosed group near index 14
CreateElemant(">
      <![CDATA[java.util.regex.PatternSyntaxException: Unclosed group near index 14
CreateElemant(
	at java.util.regex.Pattern.error(Unknown Source)
	at java.util.regex.Pattern.accept(Unknown Source)
	at java.util.regex.Pattern.group0(Unknown Source)
	at java.util.regex.Pattern.sequence(Unknown Source)
	at java.util.regex.Pattern.expr(Unknown Source)
	at java.util.regex.Pattern.compile(Unknown Source)
	at java.util.regex.Pattern.<init>(Unknown Source)
	at java.util.regex.Pattern.compile(Unknown Source)
	at java.lang.String.replaceAll(Unknown Source)
	at baseclasses.ByElement.webElement(ByElement.java:22)
	at baseclasses.ByElement.SendKeysTo(ByElement.java:82)
	at featureSpecific.MethodFactory.methods(MethodFactory.java:25)
	at featureSpecific.MainToExecuteActions.TestCase(MainToExecuteActions.java:156)
	at sun.reflect.NativeMethodAccessorImpl.invoke0(Native Method)
	at sun.reflect.NativeMethodAccessorImpl.invoke(Unknown Source)
	at sun.reflect.DelegatingMethodAccessorImpl.invoke(Unknown Source)
	at java.lang.reflect.Method.invoke(Unknown Source)
	at org.testng.internal.MethodInvocationHelper.invokeMethod(MethodInvocationHelper.java:108)
	at org.testng.internal.Invoker.invokeMethod(Invoker.java:661)
	at org.testng.internal.Invoker.invokeTestMethod(Invoker.java:869)
	at org.testng.internal.Invoker.invokeTestMethods(Invoker.java:1193)
	at org.testng.internal.TestMethodWorker.invokeTestMethods(TestMethodWorker.java:126)
	at org.testng.internal.TestMethodWorker.run(TestMethodWorker.java:109)
	at org.testng.TestRunner.privateRun(TestRunner.java:744)
	at org.testng.TestRunner.run(TestRunner.java:602)
	at org.testng.SuiteRunner.runTest(SuiteRunner.java:380)
	at org.testng.SuiteRunner.runSequentially(SuiteRunner.java:375)
	at org.testng.SuiteRunner.privateRun(SuiteRunner.java:340)
	at org.testng.SuiteRunner.run(SuiteRunner.java:289)
	at org.testng.SuiteRunnerWorker.runSuite(SuiteRunnerWorker.java:52)
	at org.testng.SuiteRunnerWorker.run(SuiteRunnerWorker.java:86)
	at org.testng.TestNG.runSuitesSequentially(TestNG.java:1301)
	at org.testng.TestNG.runSuitesLocally(TestNG.java:1226)
	at org.testng.TestNG.runSuites(TestNG.java:1144)
	at org.testng.TestNG.run(TestNG.java:1115)
	at org.testng.remote.AbstractRemoteTestNG.run(AbstractRemoteTestNG.java:114)
	at org.testng.remote.RemoteTestNG.initAndRun(RemoteTestNG.java:251)
	at org.testng.remote.RemoteTestNG.main(RemoteTestNG.java:77)
]]>
    </error>
  </testcase> <!-- TestCase -->
</testsuite> <!-- featureSpecific.MainToExecuteActions -->
